proguard.cfg
-optimizationpasses 5
-dontusemixedcaseclassnames
-dontskipnonpubliclibraryclasses
-dontpreverify
-verbose
-optimizations !code/simplification/arithmetic,!field/*,!class/merging/*

-keep public class * extends android.app.Activity
-keep public class * extends android.app.Application
-keep public class * extends android.app.Service
-keep public class * extends android.content.BroadcastReceiver
-keep public class * extends android.content.ContentProvider
-keep public class * extends android.app.backup.BackupAgentHelper
-keep public class * extends android.preference.Preference
-keep public class com.android.vending.licensing.ILicensingService

-keepclasseswithmembernames class * {
    native <methods>;
}

-keepclasseswithmembers class * {
    public <init>(android.content.Context, android.util.AttributeSet);
}

-keepclasseswithmembers class * {
    public <init>(android.content.Context, android.util.AttributeSet, int);
}

-keepclassmembers class * extends android.app.Activity {
   public void *(android.view.View);
}

-keepclassmembers enum * {
    public static **[] values();
    public static ** valueOf(java.lang.String);
}

-keep class * implements android.os.Parcelable {
  public static final android.os.Parcelable$Creator *;
}

# keep BmobSDK
-dontwarn cn.bmob.v3.**
-keep class cn.bmob.v3.** {*;}
# keep okhttp3、okio
-dontwarn okhttp3.**
-keep class okhttp3.** { *;}
-keep interface okhttp3.** { *; }
-dontwarn okio.**
# keep rx
-dontwarn sun.misc.**
-keepclassmembers class rx.internal.util.unsafe.*ArrayQueue*Field* {
 long producerIndex;
 long consumerIndex;
}
-keepclassmembers class rx.internal.util.unsafe.BaseLinkedQueueProducerNodeRef {
 rx.internal.util.atomic.LinkedQueueNode producerNode;
}
-keepclassmembers class rx.internal.util.unsafe.BaseLinkedQueueConsumerNodeRef {
 rx.internal.util.atomic.LinkedQueueNode consumerNode;
}

# 如果你需要兼容6.0系统，请不要混淆org.apache.http.legacy.jar 
-dontwarn android.net.compatibility.**
-dontwarn android.net.http.**
-dontwarn com.android.internal.http.multipart.**
-dontwarn org.apache.commons.**
-dontwarn org.apache.http.**
-keep class android.net.compatibility.**{*;}
-keep class android.net.http.**{*;}
-keep class com.android.internal.http.multipart.**{*;}
-keep class org.apache.commons.**{*;}
-keep class org.apache.http.**{*;}
-keep class * extends cn.bmob.v3.BmobObject {
    *;
}