proguard/seeds.txt
cn.BHR.danmakurunner.DocumentActivity
cn.BHR.danmakurunner.DocumentActivity: DocumentActivity()
cn.BHR.danmakurunner.EditorActivity
cn.BHR.danmakurunner.EditorActivity: EditorActivity()
cn.BHR.danmakurunner.EditorActivity: void OnButtonClick_Save(android.view.View)
cn.BHR.danmakurunner.EditorActivity: void OnButtonClick_Open(android.view.View)
cn.BHR.danmakurunner.EditorActivity: void OnButtonClick_Run(android.view.View)
cn.BHR.danmakurunner.EditorActivity: void OnButtonClick_New(android.view.View)
cn.BHR.danmakurunner.MainActivity
cn.BHR.danmakurunner.MainActivity: MainActivity()
cn.BHR.danmakurunner.MainActivity: void OnButtonClick_Doc(android.view.View)
cn.BHR.danmakurunner.MainActivity: void OnButtonClick_Edit(android.view.View)
cn.BHR.danmakurunner.MainActivity: void OnButtonClick_Settings(android.view.View)
cn.BHR.danmakurunner.R$drawable: int ic_launcher
cn.BHR.danmakurunner.R$id: int button1
cn.BHR.danmakurunner.R$id: int button2
cn.BHR.danmakurunner.R$id: int docButton
cn.BHR.danmakurunner.R$id: int editButton
cn.BHR.danmakurunner.R$id: int editText
cn.BHR.danmakurunner.R$id: int insertCodePara
cn.BHR.danmakurunner.R$id: int insertFunction
cn.BHR.danmakurunner.R$id: int sensibilitySeekBar
cn.BHR.danmakurunner.R$id: int sensibilityText
cn.BHR.danmakurunner.R$layout: int editor
cn.BHR.danmakurunner.R$layout: int main
cn.BHR.danmakurunner.R$layout: int settings
cn.BHR.danmakurunner.R$menu: int editor_menu
cn.BHR.danmakurunner.R$string: int app_name
cn.BHR.danmakurunner.Runner: void <clinit>()
cn.BHR.danmakurunner.Runner: Runner()
cn.BHR.danmakurunner.Runner: void create()
cn.BHR.danmakurunner.Runner: void render()
cn.BHR.danmakurunner.Runner: void dispose()
cn.BHR.danmakurunner.Runner: void resize(int,int)
cn.BHR.danmakurunner.Runner: void pause()
cn.BHR.danmakurunner.Runner: void resume()
cn.BHR.danmakurunner.Runner: void reset()
cn.BHR.danmakurunner.RunnerActivity
cn.BHR.danmakurunner.RunnerActivity: RunnerActivity()
cn.BHR.danmakurunner.SettingsActivity
cn.BHR.danmakurunner.SettingsActivity: SettingsActivity()
cn.BHR.danmakurunner.danmakuInterface: com.badlogic.gdx.math.Vector2 _veloc
cn.BHR.danmakurunner.danmakuInterface: int POS_X
cn.BHR.danmakurunner.danmakuInterface: int POS_Y
cn.BHR.danmakurunner.danmakuInterface: int VEL_X
cn.BHR.danmakurunner.danmakuInterface: int VEL_Y
cn.BHR.danmakurunner.danmakuInterface: int CENTER_X
cn.BHR.danmakurunner.danmakuInterface: int CENTER_Y
cn.BHR.danmakurunner.danmakuInterface: int ACCEL_X
cn.BHR.danmakurunner.danmakuInterface: int ACCEL_Y
cn.BHR.danmakurunner.danmakuInterface: int POS
cn.BHR.danmakurunner.danmakuInterface: int VEL
cn.BHR.danmakurunner.danmakuInterface: int CENTER
cn.BHR.danmakurunner.danmakuInterface: int ACCEL
cn.BHR.danmakurunner.danmakuInterface: int VALID
cn.BHR.danmakurunner.danmakuInterface: void toast(java.lang.String)
cn.BHR.danmakurunner.danmakuInterface: java.lang.String NewProj(int,float,float,float,float,float)
cn.BHR.danmakurunner.danmakuInterface: java.lang.String NewProjAng(int,float,float,float,float,float)
cn.BHR.danmakurunner.danmakuInterface: java.lang.String NewProjL(int,float,float,float,float,float,float)
cn.BHR.danmakurunner.danmakuInterface: java.lang.String GetProj(int,int)
cn.BHR.danmakurunner.danmakuInterface: java.lang.String GetSelf(int)
cn.BHR.danmakurunner.danmakuInterface: void SetProj(int,int,float,float)
cn.BHR.danmakurunner.danmakuInterface: void SetProjAI(int,int,float)
cn.BHR.danmakurunner.danmakuInterface: void ClearProjs()
...
org.apache.http.client.CredentialsProvider
org.apache.http.client.CredentialsProvider: void setCredentials(org.apache.http.auth.AuthScope,org.apache.http.auth.Credentials)
org.apache.http.client.CredentialsProvider: org.apache.http.auth.Credentials getCredentials(org.apache.http.auth.AuthScope)
org.apache.http.client.CredentialsProvider: void clear()
org.apache.http.client.HttpClient
org.apache.http.client.HttpClient: org.apache.http.params.HttpParams getParams()
org.apache.http.client.HttpClient: org.apache.http.conn.ClientConnectionManager getConnectionManager()
org.apache.http.client.HttpClient: org.apache.http.HttpResponse execute(org.apache.http.client.methods.HttpUriRequest)
org.apache.http.client.HttpClient: org.apache.http.HttpResponse execute(org.apache.http.client.methods.HttpUriRequest,org.apache.http.protocol.HttpContext)
org.apache.http.client.HttpClient: org.apache.http.HttpResponse execute(org.apache.http.HttpHost,org.apache.http.HttpRequest)
org.apache.http.client.HttpClient: org.apache.http.HttpResponse execute(org.apache.http.HttpHost,org.apache.http.HttpRequest,org.apache.http.protocol.HttpContext)
org.apache.http.client.HttpClient: java.lang.Object execute(org.apache.http.client.methods.HttpUriRequest,org.apache.http.client.ResponseHandler)
org.apache.http.client.HttpClient: java.lang.Object execute(org.apache.http.client.methods.HttpUriRequest,org.apache.http.client.ResponseHandler,org.apache.http.protocol.HttpContext)
org.apache.http.client.HttpClient: java.lang.Object execute(org.apache.http.HttpHost,org.apache.http.HttpRequest,org.apache.http.client.ResponseHandler)
org.apache.http.client.HttpClient: java.lang.Object execute(org.apache.http.HttpHost,org.apache.http.HttpRequest,org.apache.http.client.ResponseHandler,org.apache.http.protocol.HttpContext)
org.apache.http.client.HttpRequestRetryHandler
org.apache.http.client.HttpRequestRetryHandler: boolean retryRequest(java.io.IOException,int,org.apache.http.protocol.HttpContext)
org.apache.http.client.HttpResponseException
org.apache.http.client.HttpResponseException: HttpResponseException(int,java.lang.String)
org.apache.http.client.HttpResponseException: int getStatusCode()
org.apache.http.client.NonRepeatableRequestException
org.apache.http.client.NonRepeatableRequestException: NonRepeatableRequestException()
org.apache.http.client.NonRepeatableRequestException: NonRepeatableRequestException(java.lang.String)
org.apache.http.client.RedirectException
org.apache.http.client.RedirectException: RedirectException()
org.apache.http.client.RedirectException: RedirectException(java.lang.String)
org.apache.http.client.RedirectException: RedirectException(java.lang.String,java.lang.Throwable)
org.apache.http.client.RedirectHandler
org.apache.http.client.RedirectHandler: boolean isRedirectRequested(org.apache.http.HttpResponse,org.apache.http.protocol.HttpContext)
org.apache.http.client.RedirectHandler: java.net.URI getLocationURI(org.apache.http.HttpResponse,org.apache.http.protocol.HttpContext)
org.apache.http.client.RequestDirector
org.apache.http.client.RequestDirector: org.apache.http.HttpResponse execute(org.apache.http.HttpHost,org.apache.http.HttpRequest,org.apache.http.protocol.HttpContext)
org.apache.http.client.ResponseHandler
org.apache.http.client.ResponseHandler: java.lang.Object handleResponse(org.apache.http.HttpResponse)
org.apache.http.client.UserTokenHandler
org.apache.http.client.UserTokenHandler: java.lang.Object getUserToken(org.apache.http.protocol.HttpContext)
org.apache.http.client.entity.UrlEncodedFormEntity
org.apache.http.client.entity.UrlEncodedFormEntity: UrlEncodedFormEntity(java.util.List,java.lang.String)
org.apache.http.client.entity.UrlEncodedFormEntity: UrlEncodedFormEntity(java.util.List)