proguard/mapping.txt
cn.BHR.danmakurunner.DRHelper -> cn.BHR.danmakurunner.a:
    int NewProj(int,com.badlogic.gdx.math.Vector2,com.badlogic.gdx.math.Vector2,float) -> a
cn.BHR.danmakurunner.Dialogs.ConfirmDialog -> cn.BHR.danmakurunner.a.a:
    java.lang.String mMessage -> a
    java.lang.String mTitle -> b
    void OnOKPressed() -> a
    void show() -> b
    void <init>(java.lang.String,java.lang.String) -> <init>
    android.app.Dialog onCreateDialog(android.os.Bundle) -> onCreateDialog
cn.BHR.danmakurunner.Dialogs.ConfirmDialog$1 -> cn.BHR.danmakurunner.a.b:
    cn.BHR.danmakurunner.Dialogs.ConfirmDialog this$0 -> a
    void <init>(cn.BHR.danmakurunner.Dialogs.ConfirmDialog) -> <init>
    void onClick(android.content.DialogInterface,int) -> onClick
cn.BHR.danmakurunner.Dialogs.ConfirmDialog$2 -> cn.BHR.danmakurunner.a.c:
    cn.BHR.danmakurunner.Dialogs.ConfirmDialog this$0 -> a
    void <init>(cn.BHR.danmakurunner.Dialogs.ConfirmDialog) -> <init>
    void onClick(android.content.DialogInterface,int) -> onClick
cn.BHR.danmakurunner.Dialogs.InputOpenPathDialog -> cn.BHR.danmakurunner.a.d:
    java.util.ArrayList items -> a
    void <clinit>() -> <clinit>
    void <init>() -> <init>
    android.app.Dialog onCreateDialog(android.os.Bundle) -> onCreateDialog
cn.BHR.danmakurunner.Dialogs.InputOpenPathDialog$1 -> cn.BHR.danmakurunner.a.e:
    cn.BHR.danmakurunner.Dialogs.InputOpenPathDialog this$0 -> a
    void <init>(cn.BHR.danmakurunner.Dialogs.InputOpenPathDialog) -> <init>
    void onClick(android.content.DialogInterface,int) -> onClick
cn.BHR.danmakurunner.Dialogs.InputPathDialog -> cn.BHR.danmakurunner.a.f:
    java.lang.String workingPath -> a
    void <clinit>() -> <clinit>
    void <init>() -> <init>
    android.app.Dialog onCreateDialog(android.os.Bundle) -> onCreateDialog
cn.BHR.danmakurunner.Dialogs.InputPathDialog$1 -> cn.BHR.danmakurunner.a.g:
    cn.BHR.danmakurunner.Dialogs.InputPathDialog this$0 -> a
    android.widget.EditText val$editText -> b
    void <init>(cn.BHR.danmakurunner.Dialogs.InputPathDialog,android.widget.EditText) -> <init>
    void onClick(android.content.DialogInterface,int) -> onClick
cn.BHR.danmakurunner.Dialogs.InputSavePathDialog -> cn.BHR.danmakurunner.a.h:
    java.util.ArrayList items -> a
    void <clinit>() -> <clinit>
    void <init>() -> <init>
    android.app.Dialog onCreateDialog(android.os.Bundle) -> onCreateDialog
cn.BHR.danmakurunner.Dialogs.InputSavePathDialog$1 -> cn.BHR.danmakurunner.a.i:
    cn.BHR.danmakurunner.Dialogs.InputSavePathDialog this$0 -> a
    java.io.File[] val$files -> b
    void <init>(cn.BHR.danmakurunner.Dialogs.InputSavePathDialog,java.io.File[]) -> <init>
    void onClick(android.content.DialogInterface,int) -> onClick
cn.BHR.danmakurunner.Dialogs.InputSavePathDialog$1$1 -> cn.BHR.danmakurunner.a.j:
    cn.BHR.danmakurunner.Dialogs.InputSavePathDialog$1 this$1 -> a
    int val$wh_In -> b
    void <init>(cn.BHR.danmakurunner.Dialogs.InputSavePathDialog$1,java.lang.String,java.lang.String,int) -> <init>
    void OnOKPressed() -> a
cn.BHR.danmakurunner.Dialogs.OtherDialogs -> cn.BHR.danmakurunner.a.k:
cn.BHR.danmakurunner.Dialogs.OtherDialogs$1 -> cn.BHR.danmakurunner.a.l:
    void <init>() -> <init>
    void onClick(android.content.DialogInterface,int) -> onClick
cn.BHR.danmakurunner.Dialogs.OtherDialogs$2 -> cn.BHR.danmakurunner.a.m:
    void <init>() -> <init>
    void onClick(android.content.DialogInterface,int) -> onClick
cn.BHR.danmakurunner.DocumentActivity -> cn.BHR.danmakurunner.DocumentActivity:
    android.webkit.WebView webView -> b
    cn.BHR.danmakurunner.DocumentActivity instance -> a
    void <init>() -> <init>
    void onCreate(android.os.Bundle) -> onCreate
    boolean onKeyDown(int,android.view.KeyEvent) -> onKeyDown
...
com.badlogic.gdx.scenes.scene2d.ui.Tree -> com.badlogic.gdx.scenes.scene2d.ui.Tree:
    com.badlogic.gdx.scenes.scene2d.ui.Tree$TreeStyle style -> style
    com.badlogic.gdx.utils.Array rootNodes -> rootNodes
    com.badlogic.gdx.scenes.scene2d.utils.Selection selection -> selection
    float ySpacing -> ySpacing
    float iconSpacingLeft -> iconSpacingLeft
    float iconSpacingRight -> iconSpacingRight
    float padding -> padding
    float indentSpacing -> indentSpacing
    float leftColumnWidth -> leftColumnWidth
    float prefWidth -> prefWidth
    float prefHeight -> prefHeight
    boolean sizeInvalid -> sizeInvalid
    com.badlogic.gdx.scenes.scene2d.ui.Tree$Node foundNode -> foundNode
    com.badlogic.gdx.scenes.scene2d.ui.Tree$Node overNode -> overNode
    com.badlogic.gdx.scenes.scene2d.utils.ClickListener clickListener -> clickListener
    void <init>(com.badlogic.gdx.scenes.scene2d.ui.Skin) -> <init>
    void <init>(com.badlogic.gdx.scenes.scene2d.ui.Skin,java.lang.String) -> <init>
    void <init>(com.badlogic.gdx.scenes.scene2d.ui.Tree$TreeStyle) -> <init>
    void initialize() -> initialize
    void setStyle(com.badlogic.gdx.scenes.scene2d.ui.Tree$TreeStyle) -> setStyle
    void add(com.badlogic.gdx.scenes.scene2d.ui.Tree$Node) -> add
    void insert(int,com.badlogic.gdx.scenes.scene2d.ui.Tree$Node) -> insert
    void remove(com.badlogic.gdx.scenes.scene2d.ui.Tree$Node) -> remove
    void clearChildren() -> clearChildren
com.badlogic.gdx.scenes.scene2d.ui.Tree$1 -> com.badlogic.gdx.scenes.scene2d.ui.Tree$1:
    com.badlogic.gdx.scenes.scene2d.ui.Tree this$0 -> this$0
    void <init>(com.badlogic.gdx.scenes.scene2d.ui.Tree) -> <init>
    void clicked(com.badlogic.gdx.scenes.scene2d.InputEvent,float,float) -> clicked
    boolean mouseMoved(com.badlogic.gdx.scenes.scene2d.InputEvent,float,float) -> mouseMoved
    void exit(com.badlogic.gdx.scenes.scene2d.InputEvent,float,float,int,com.badlogic.gdx.scenes.scene2d.Actor) -> exit
com.badlogic.gdx.scenes.scene2d.ui.Tree$Node -> com.badlogic.gdx.scenes.scene2d.ui.Tree$Node:
    com.badlogic.gdx.scenes.scene2d.Actor actor -> actor
    com.badlogic.gdx.scenes.scene2d.ui.Tree$Node parent -> parent
    com.badlogic.gdx.utils.Array children -> children
    boolean selectable -> selectable
    boolean expanded -> expanded
    com.badlogic.gdx.scenes.scene2d.utils.Drawable icon -> icon
    float height -> height
    java.lang.Object object -> object
    void <init>(com.badlogic.gdx.scenes.scene2d.Actor) -> <init>
    void setExpanded(boolean) -> setExpanded
    void addToTree(com.badlogic.gdx.scenes.scene2d.ui.Tree) -> addToTree
    void removeFromTree(com.badlogic.gdx.scenes.scene2d.ui.Tree) -> removeFromTree
    void add(com.badlogic.gdx.scenes.scene2d.ui.Tree$Node) -> add
    void addAll(com.badlogic.gdx.utils.Array) -> addAll
    void insert(int,com.badlogic.gdx.scenes.scene2d.ui.Tree$Node) -> insert
    void remove() -> remove
    void remove(com.badlogic.gdx.scenes.scene2d.ui.Tree$Node) -> remove
    void removeAll() -> removeAll
    com.badlogic.gdx.scenes.scene2d.ui.Tree getTree() -> getTree
    com.badlogic.gdx.scenes.scene2d.Actor getActor() -> getActor
    boolean isExpanded() -> isExpanded
    com.badlogic.gdx.utils.Array getChildren() -> getChildren
    void updateChildren() -> updateChildren
    com.badlogic.gdx.scenes.scene2d.ui.Tree$Node getParent() -> getParent
    void setIcon(com.badlogic.gdx.scenes.scene2d.utils.Drawable) -> setIcon