proguard/usage.txt
cn.BHR.danmakurunner.BuildConfig
cn.BHR.danmakurunner.DRHelper:
    private static final int decimalDot
    5:5:public DRHelper()
    42:45:public static java.lang.Float getInputFloat_notCalculated(java.lang.String)
    49:69:public static int parseInt(java.lang.String)
    74:110:public static float parseFloat(java.lang.String)
cn.BHR.danmakurunner.Dialogs.ErrorDialog
cn.BHR.danmakurunner.Dialogs.ErrorDialog$1
cn.BHR.danmakurunner.Dialogs.InputCommandDialog
cn.BHR.danmakurunner.Dialogs.InputCommandDialog$1
cn.BHR.danmakurunner.Dialogs.Msgbox
cn.BHR.danmakurunner.Dialogs.Msgbox$1
cn.BHR.danmakurunner.Dialogs.OtherDialogs:
    10:10:public OtherDialogs()
cn.BHR.danmakurunner.DrawHelper:
    7:7:public DrawHelper()
    17:20:public static void Draw(com.badlogic.gdx.graphics.g2d.SpriteBatch,com.badlogic.gdx.graphics.g2d.TextureRegion,com.badlogic.gdx.math.Rectangle)
    23:24:public static void Draw(com.badlogic.gdx.graphics.g2d.SpriteBatch,com.badlogic.gdx.graphics.Texture,com.badlogic.gdx.math.Rectangle,com.badlogic.gdx.math.Rectangle)
    27:28:public static void Draw(com.badlogic.gdx.graphics.g2d.SpriteBatch,com.badlogic.gdx.graphics.Texture,com.badlogic.gdx.math.Rectangle,float,float,float,float)
cn.BHR.danmakurunner.Entities.Entity:
    public abstract void Init(int)
    public abstract void AI()
    public abstract void Draw(com.badlogic.gdx.graphics.g2d.SpriteBatch)
    public abstract void Loot()
cn.BHR.danmakurunner.Entities.InternalAI.AI_1to5:
    6:6:public AI_1to5()
cn.BHR.danmakurunner.Entities.Player:
    98:102:public void Loot()
cn.BHR.danmakurunner.MagicPixel:
    7:7:public MagicPixel()
    26:27:public static void DrawShadeGray(com.badlogic.gdx.graphics.g2d.SpriteBatch,com.badlogic.gdx.math.Rectangle)
cn.BHR.danmakurunner.R
cn.BHR.danmakurunner.R$attr
cn.BHR.danmakurunner.R$drawable
cn.BHR.danmakurunner.R$id
cn.BHR.danmakurunner.R$layout
cn.BHR.danmakurunner.R$menu
cn.BHR.danmakurunner.R$string
cn.BHR.danmakurunner.Runner:
    public static final int MAXPROJTYPE
    public static final int MAXPROJ
cn.BHR.danmakurunner.RunnerActivity:
    public static final int CONFIG_SELF_ACTIVE
    public static final int CONFIG_SENSIBILITY
    public static final int CONFIG_FIGHTAREA
cn.BHR.danmakurunner.UI.GButton
cn.BHR.danmakurunner.UI.UIBase
cn.BHR.danmakurunner.UI.iEvent
cn.BHR.danmakurunner.UI.iFunction
...
rx.internal.operators.OnSubscribeGroupJoin$WindowObservableFunc$WindowSubscriber
rx.internal.operators.OnSubscribeJoin
rx.internal.operators.OnSubscribeJoin$ResultSink
rx.internal.operators.OnSubscribeJoin$ResultSink$LeftSubscriber
rx.internal.operators.OnSubscribeJoin$ResultSink$LeftSubscriber$LeftDurationSubscriber
rx.internal.operators.OnSubscribeJoin$ResultSink$RightSubscriber
rx.internal.operators.OnSubscribeJoin$ResultSink$RightSubscriber$RightDurationSubscriber
rx.internal.operators.OnSubscribePublishMulticast
rx.internal.operators.OnSubscribePublishMulticast$ParentSubscriber
rx.internal.operators.OnSubscribePublishMulticast$PublishProducer
rx.internal.operators.OnSubscribeRange
rx.internal.operators.OnSubscribeRange$RangeProducer
rx.internal.operators.OnSubscribeRedo:
    124:124:public static rx.Observable retry(rx.Observable)
    128:132:public static rx.Observable retry(rx.Observable,long)
    140:140:public static rx.Observable retry(rx.Observable,rx.functions.Func1,rx.Scheduler)
    144:144:public static rx.Observable repeat(rx.Observable)
    148:148:public static rx.Observable repeat(rx.Observable,rx.Scheduler)
    152:152:public static rx.Observable repeat(rx.Observable,long)
    156:161:public static rx.Observable repeat(rx.Observable,long,rx.Scheduler)
    165:165:public static rx.Observable repeat(rx.Observable,rx.functions.Func1)
    169:169:public static rx.Observable repeat(rx.Observable,rx.functions.Func1,rx.Scheduler)
    173:173:public static rx.Observable redo(rx.Observable,rx.functions.Func1,rx.Scheduler)
rx.internal.operators.OnSubscribeRedo$RedoFinite
rx.internal.operators.OnSubscribeRedo$RedoFinite$1
rx.internal.operators.OnSubscribeRedo$RetryWithPredicate
rx.internal.operators.OnSubscribeRedo$RetryWithPredicate$1
rx.internal.operators.OnSubscribeRefCount
rx.internal.operators.OnSubscribeRefCount$1
rx.internal.operators.OnSubscribeRefCount$2
rx.internal.operators.OnSubscribeRefCount$3
rx.internal.operators.OnSubscribeSingle
rx.internal.operators.OnSubscribeSingle$1
rx.internal.operators.OnSubscribeTimerPeriodically
rx.internal.operators.OnSubscribeTimerPeriodically$1
rx.internal.operators.OnSubscribeToObservableFuture
rx.internal.operators.OnSubscribeToObservableFuture$ToObservableFuture
rx.internal.operators.OnSubscribeToObservableFuture$ToObservableFuture$1
rx.internal.operators.OnSubscribeUsing
rx.internal.operators.OnSubscribeUsing$DisposeAction
rx.internal.operators.OperatorAll
rx.internal.operators.OperatorAll$1
rx.internal.operators.OperatorAsObservable$Holder:
    29:29:private OperatorAsObservable$Holder()
rx.internal.operators.OperatorBufferWithSingleObservable
rx.internal.operators.OperatorBufferWithSingleObservable$1
rx.internal.operators.OperatorBufferWithSingleObservable$2
rx.internal.operators.OperatorBufferWithSingleObservable$BufferingSubscriber
rx.internal.operators.OperatorBufferWithSize
rx.internal.operators.OperatorBufferWithSize$BufferExact
rx.internal.operators.OperatorBufferWithSize$BufferExact$1
rx.internal.operators.OperatorBufferWithSize$BufferOverlap
rx.internal.operators.OperatorBufferWithSize$BufferOverlap$BufferOverlapProducer
rx.internal.operators.OperatorBufferWithSize$BufferSkip
rx.internal.operators.OperatorBufferWithSize$BufferSkip$BufferSkipProducer
rx.internal.operators.OperatorBufferWithStartEndObservable
rx.internal.operators.OperatorBufferWithStartEndObservable$1
rx.internal.operators.OperatorBufferWithStartEndObservable$BufferingSubscriber
rx.internal.operators.OperatorBufferWithStartEndObservable$BufferingSubscriber$1
rx.internal.operators.OperatorBufferWithTime
rx.internal.operators.OperatorBufferWithTime$ExactSubscriber
rx.internal.operators.OperatorBufferWithTime$ExactSubscriber$1
rx.internal.operators.OperatorBufferWithTime$InexactSubscriber
rx.internal.operators.OperatorBufferWithTime$InexactSubscriber$1
rx.internal.operators.OperatorBufferWithTime$InexactSubscriber$2
rx.internal.operators.OperatorCast